2024-06-11T01:31:46+00:00 ERROR GET Request: https://api.pinterest.com/ads/v4/advertisers/countries
Status Code: 1
API response: cURL error 28: Connection timed out after 10000 milliseconds
2024-06-11T01:34:32+00:00 ERROR GET Request: https://api.pinterest.com/ads/v4/advertisers/549767507380/discounts?active=true
Status Code: 1
API response: cURL error 28: Connection timed out after 10000 milliseconds
2024-06-11T01:34:42+00:00 ERROR GET Request: https://api.pinterest.com/ads/v4/advertisers/549767507380/discounts?active=true
Status Code: 1
API response: cURL error 28: Connection timed out after 10001 milliseconds
2024-06-11T01:35:01+00:00 ERROR GET Request: https://api.pinterest.com/ads/v4/advertisers/549767507380/partners/billing_profiles
Status Code: 1
API response: cURL error 28: Connection timed out after 10000 milliseconds
2024-06-11T01:35:01+00:00 ERROR cURL error 28: Connection timed out after 10000 milliseconds
2024-06-11T01:47:25+00:00 ERROR GET Request: https://api.pinterest.com/ads/v4/advertisers/countries
Status Code: 1
API response: cURL error 28: Connection timed out after 10001 milliseconds
2024-06-11T02:58:33+00:00 ERROR GET Request: https://api.pinterest.com/ads/v4/advertisers/549767507380/discounts?active=true
Status Code: 1
API response: cURL error 28: Connection timed out after 10000 milliseconds
2024-06-11T02:58:43+00:00 ERROR GET Request: https://api.pinterest.com/ads/v4/advertisers/549767507380/discounts?active=true
Status Code: 1
API response: cURL error 28: Connection timed out after 10000 milliseconds
2024-06-11T06:24:24+00:00 ERROR GET Request: https://api.pinterest.com/ads/v4/advertisers/549767507380/discounts?active=true
Status Code: 1
API response: cURL error 28: Connection timed out after 10000 milliseconds
2024-06-11T06:24:34+00:00 ERROR GET Request: https://api.pinterest.com/ads/v4/advertisers/549767507380/discounts?active=true
Status Code: 1
API response: cURL error 28: Connection timed out after 10000 milliseconds
