2024-06-04T02:16:25+00:00 ERROR GET Request: https://api.pinterest.com/ads/v4/advertisers/countries
Status Code: 1
API response: cURL error 28: Connection timed out after 10000 milliseconds
2024-06-04T02:16:25+00:00 ERROR GET Request: https://api.pinterest.com/ads/v4/advertisers/countries
Status Code: 1
API response: cURL error 28: Connection timed out after 10000 milliseconds
2024-06-04T02:16:27+00:00 ERROR GET Request: https://api.pinterest.com/ads/v4/advertisers/countries
Status Code: 1
API response: cURL error 28: Connection timed out after 10000 milliseconds
2024-06-04T02:23:21+00:00 ERROR GET Request: https://api.pinterest.com/ads/v4/advertisers/549767507380/partners/billing_profiles
Status Code: 1
API response: cURL error 28: Connection timed out after 10001 milliseconds
2024-06-04T02:23:21+00:00 ERROR cURL error 28: Connection timed out after 10001 milliseconds
2024-06-04T02:25:21+00:00 ERROR GET Request: https://api.pinterest.com/ads/v4/advertisers/549767507380/discounts?active=true
Status Code: 1
API response: cURL error 28: Connection timed out after 10000 milliseconds
2024-06-04T02:25:31+00:00 ERROR GET Request: https://api.pinterest.com/ads/v4/advertisers/549767507380/discounts?active=true
Status Code: 1
API response: cURL error 28: Connection timed out after 10000 milliseconds
2024-06-04T03:26:53+00:00 ERROR GET Request: https://api.pinterest.com/ads/v4/advertisers/549767507380/discounts?active=true
Status Code: 1
API response: cURL error 28: Connection timed out after 10001 milliseconds
2024-06-04T03:27:03+00:00 ERROR GET Request: https://api.pinterest.com/ads/v4/advertisers/549767507380/discounts?active=true
Status Code: 1
API response: cURL error 28: Connection timed out after 10001 milliseconds
2024-06-04T04:28:29+00:00 ERROR GET Request: https://api.pinterest.com/ads/v4/advertisers/549767507380/discounts?active=true
Status Code: 1
API response: cURL error 28: Connection timed out after 10001 milliseconds
2024-06-04T04:28:39+00:00 ERROR GET Request: https://api.pinterest.com/ads/v4/advertisers/549767507380/discounts?active=true
Status Code: 1
API response: cURL error 28: Connection timed out after 10001 milliseconds
2024-06-04T05:27:00+00:00 ERROR Could not decrypt key value. Try reconnecting to Pinterest.
2024-06-04T05:27:01+00:00 ERROR Could not decrypt key value. Try reconnecting to Pinterest.
2024-06-04T05:27:03+00:00 ERROR Could not decrypt key value. Try reconnecting to Pinterest.
2024-06-04T05:31:52+00:00 ERROR Could not decrypt key value. Try reconnecting to Pinterest.
2024-06-04T05:31:52+00:00 ERROR Could not decrypt key value. Try reconnecting to Pinterest.
2024-06-04T05:32:59+00:00 ERROR Could not decrypt key value. Try reconnecting to Pinterest.
2024-06-04T05:35:40+00:00 ERROR Could not decrypt key value. Try reconnecting to Pinterest.
2024-06-04T05:35:50+00:00 ERROR GET Request: https://api.pinterest.com/ads/v4/advertisers/549764877333/discounts?active=true
Status Code: 1
API response: cURL error 28: Connection timed out after 10000 milliseconds
2024-06-04T05:36:00+00:00 ERROR GET Request: https://api.pinterest.com/ads/v4/advertisers/549764877333/discounts?active=true
Status Code: 1
API response: cURL error 28: Connection timed out after 10000 milliseconds
2024-06-04T05:36:10+00:00 ERROR Could not decrypt key value. Try reconnecting to Pinterest.
2024-06-04T05:36:20+00:00 ERROR GET Request: https://api.pinterest.com/ads/v4/advertisers/549764877333/discounts?active=true
Status Code: 1
API response: cURL error 28: Connection timed out after 10000 milliseconds
2024-06-04T05:36:30+00:00 ERROR GET Request: https://api.pinterest.com/ads/v4/advertisers/549764877333/discounts?active=true
Status Code: 1
API response: cURL error 28: Connection timed out after 10001 milliseconds
2024-06-04T05:36:41+00:00 ERROR Could not decrypt key value. Try reconnecting to Pinterest.
2024-06-04T05:36:41+00:00 ERROR Could not decrypt key value. Try reconnecting to Pinterest.
2024-06-04T05:36:41+00:00 ERROR Could not decrypt key value. Try reconnecting to Pinterest.
2024-06-04T05:36:41+00:00 ERROR Could not decrypt key value. Try reconnecting to Pinterest.
2024-06-04T05:36:41+00:00 ERROR Could not decrypt key value. Try reconnecting to Pinterest.
2024-06-04T05:36:41+00:00 ERROR Could not decrypt key value. Try reconnecting to Pinterest.
2024-06-04T05:36:41+00:00 ERROR Could not decrypt key value. Try reconnecting to Pinterest.
2024-06-04T05:36:47+00:00 ERROR Could not decrypt key value. Try reconnecting to Pinterest.
2024-06-04T05:36:51+00:00 ERROR GET Request: https://api.pinterest.com/ads/v4/advertisers/549764877333/partners/billing_profiles
Status Code: 1
API response: cURL error 28: Connection timed out after 10000 milliseconds
2024-06-04T05:36:51+00:00 ERROR cURL error 28: Connection timed out after 10000 milliseconds
2024-06-04T05:36:52+00:00 ERROR Could not decrypt key value. Try reconnecting to Pinterest.
2024-06-04T05:36:52+00:00 ERROR Could not decrypt key value. Try reconnecting to Pinterest.
2024-06-04T05:36:55+00:00 ERROR Could not decrypt key value. Try reconnecting to Pinterest.
2024-06-04T05:36:55+00:00 ERROR Could not decrypt key value. Try reconnecting to Pinterest.
2024-06-04T05:36:57+00:00 ERROR Could not decrypt key value. Try reconnecting to Pinterest.
2024-06-04T05:37:02+00:00 ERROR Could not decrypt key value. Try reconnecting to Pinterest.
2024-06-04T05:37:07+00:00 ERROR Could not decrypt key value. Try reconnecting to Pinterest.
2024-06-04T05:37:12+00:00 ERROR Could not decrypt key value. Try reconnecting to Pinterest.
2024-06-04T05:37:13+00:00 ERROR Could not decrypt key value. Try reconnecting to Pinterest.
2024-06-04T05:37:14+00:00 ERROR Could not decrypt key value. Try reconnecting to Pinterest.
2024-06-04T05:37:15+00:00 ERROR Could not decrypt key value. Try reconnecting to Pinterest.
2024-06-04T05:37:17+00:00 ERROR Could not decrypt key value. Try reconnecting to Pinterest.
2024-06-04T05:37:35+00:00 ERROR Could not decrypt key value. Try reconnecting to Pinterest.
2024-06-04T05:37:55+00:00 ERROR Could not decrypt key value. Try reconnecting to Pinterest.
2024-06-04T05:37:55+00:00 ERROR Could not decrypt key value. Try reconnecting to Pinterest.
2024-06-04T05:37:56+00:00 ERROR Could not decrypt key value. Try reconnecting to Pinterest.
2024-06-04T05:38:03+00:00 ERROR Could not decrypt key value. Try reconnecting to Pinterest.
2024-06-04T05:38:03+00:00 ERROR Could not decrypt key value. Try reconnecting to Pinterest.
2024-06-04T05:38:05+00:00 ERROR Could not decrypt key value. Try reconnecting to Pinterest.
2024-06-04T05:38:18+00:00 ERROR Could not decrypt key value. Try reconnecting to Pinterest.
2024-06-04T05:38:21+00:00 ERROR Could not decrypt key value. Try reconnecting to Pinterest.
2024-06-04T05:38:21+00:00 ERROR Could not decrypt key value. Try reconnecting to Pinterest.
2024-06-04T05:38:38+00:00 ERROR Could not decrypt key value. Try reconnecting to Pinterest.
2024-06-04T05:38:39+00:00 ERROR Could not decrypt key value. Try reconnecting to Pinterest.
2024-06-04T05:38:39+00:00 ERROR Could not decrypt key value. Try reconnecting to Pinterest.
2024-06-04T05:38:39+00:00 ERROR Could not decrypt key value. Try reconnecting to Pinterest.
2024-06-04T05:38:39+00:00 ERROR Could not decrypt key value. Try reconnecting to Pinterest.
2024-06-04T05:38:43+00:00 ERROR Could not decrypt key value. Try reconnecting to Pinterest.
2024-06-04T05:38:44+00:00 ERROR Could not decrypt key value. Try reconnecting to Pinterest.
2024-06-04T05:38:44+00:00 ERROR Could not decrypt key value. Try reconnecting to Pinterest.
2024-06-04T05:38:48+00:00 ERROR Could not decrypt key value. Try reconnecting to Pinterest.
2024-06-04T05:38:53+00:00 ERROR Could not decrypt key value. Try reconnecting to Pinterest.
2024-06-04T05:38:58+00:00 ERROR Could not decrypt key value. Try reconnecting to Pinterest.
2024-06-04T05:39:02+00:00 ERROR Could not decrypt key value. Try reconnecting to Pinterest.
2024-06-04T05:39:02+00:00 ERROR Could not decrypt key value. Try reconnecting to Pinterest.
2024-06-04T05:39:02+00:00 ERROR Could not decrypt key value. Try reconnecting to Pinterest.
2024-06-04T05:39:03+00:00 ERROR Could not decrypt key value. Try reconnecting to Pinterest.
2024-06-04T05:39:03+00:00 ERROR Could not decrypt key value. Try reconnecting to Pinterest.
2024-06-04T05:39:08+00:00 ERROR Could not decrypt key value. Try reconnecting to Pinterest.
2024-06-04T05:39:08+00:00 ERROR Could not decrypt key value. Try reconnecting to Pinterest.
2024-06-04T05:39:08+00:00 ERROR Could not decrypt key value. Try reconnecting to Pinterest.
2024-06-04T05:39:26+00:00 ERROR Could not decrypt key value. Try reconnecting to Pinterest.
2024-06-04T05:39:26+00:00 ERROR Could not decrypt key value. Try reconnecting to Pinterest.
2024-06-04T05:39:26+00:00 ERROR Could not decrypt key value. Try reconnecting to Pinterest.
2024-06-04T05:39:27+00:00 ERROR Could not decrypt key value. Try reconnecting to Pinterest.
2024-06-04T05:39:31+00:00 ERROR Could not decrypt key value. Try reconnecting to Pinterest.
2024-06-04T05:39:35+00:00 ERROR Could not decrypt key value. Try reconnecting to Pinterest.
2024-06-04T05:39:43+00:00 ERROR Could not decrypt key value. Try reconnecting to Pinterest.
2024-06-04T05:40:19+00:00 ERROR Could not decrypt key value. Try reconnecting to Pinterest.
2024-06-04T05:40:38+00:00 ERROR Could not decrypt key value. Try reconnecting to Pinterest.
2024-06-04T05:40:38+00:00 ERROR Could not decrypt key value. Try reconnecting to Pinterest.
2024-06-04T05:40:38+00:00 ERROR Could not decrypt key value. Try reconnecting to Pinterest.
2024-06-04T05:40:38+00:00 ERROR Could not decrypt key value. Try reconnecting to Pinterest.
2024-06-04T05:40:43+00:00 ERROR Could not decrypt key value. Try reconnecting to Pinterest.
2024-06-04T05:40:48+00:00 ERROR Could not decrypt key value. Try reconnecting to Pinterest.
2024-06-04T05:40:53+00:00 ERROR Could not decrypt key value. Try reconnecting to Pinterest.
2024-06-04T05:40:57+00:00 ERROR Could not decrypt key value. Try reconnecting to Pinterest.
2024-06-04T05:40:57+00:00 ERROR Could not decrypt key value. Try reconnecting to Pinterest.
2024-06-04T05:40:57+00:00 ERROR Could not decrypt key value. Try reconnecting to Pinterest.
2024-06-04T05:40:57+00:00 ERROR Could not decrypt key value. Try reconnecting to Pinterest.
2024-06-04T05:40:57+00:00 ERROR Could not decrypt key value. Try reconnecting to Pinterest.
2024-06-04T05:40:58+00:00 ERROR Could not decrypt key value. Try reconnecting to Pinterest.
2024-06-04T05:40:58+00:00 ERROR Could not decrypt key value. Try reconnecting to Pinterest.
2024-06-04T05:40:58+00:00 ERROR Could not decrypt key value. Try reconnecting to Pinterest.
2024-06-04T05:41:03+00:00 ERROR Could not decrypt key value. Try reconnecting to Pinterest.
2024-06-04T05:41:08+00:00 ERROR Could not decrypt key value. Try reconnecting to Pinterest.
2024-06-04T05:41:19+00:00 ERROR Could not decrypt key value. Try reconnecting to Pinterest.
2024-06-04T05:41:21+00:00 ERROR Could not decrypt key value. Try reconnecting to Pinterest.
2024-06-04T05:41:21+00:00 ERROR Could not decrypt key value. Try reconnecting to Pinterest.
2024-06-04T05:41:21+00:00 ERROR Could not decrypt key value. Try reconnecting to Pinterest.
2024-06-04T05:41:21+00:00 ERROR Could not decrypt key value. Try reconnecting to Pinterest.
2024-06-04T05:41:21+00:00 ERROR Could not decrypt key value. Try reconnecting to Pinterest.
2024-06-04T05:41:41+00:00 ERROR Could not decrypt key value. Try reconnecting to Pinterest.
2024-06-04T05:41:41+00:00 ERROR Could not decrypt key value. Try reconnecting to Pinterest.
2024-06-04T05:41:42+00:00 ERROR Could not decrypt key value. Try reconnecting to Pinterest.
2024-06-04T05:41:42+00:00 ERROR Could not decrypt key value. Try reconnecting to Pinterest.
2024-06-04T05:41:42+00:00 ERROR Could not decrypt key value. Try reconnecting to Pinterest.
2024-06-04T05:41:43+00:00 ERROR Could not decrypt key value. Try reconnecting to Pinterest.
2024-06-04T05:41:43+00:00 ERROR Could not decrypt key value. Try reconnecting to Pinterest.
2024-06-04T05:41:43+00:00 ERROR Could not decrypt key value. Try reconnecting to Pinterest.
2024-06-04T05:42:04+00:00 ERROR Could not decrypt key value. Try reconnecting to Pinterest.
2024-06-04T05:42:04+00:00 ERROR Could not decrypt key value. Try reconnecting to Pinterest.
2024-06-04T05:42:04+00:00 ERROR Could not decrypt key value. Try reconnecting to Pinterest.
2024-06-04T05:42:04+00:00 ERROR Could not decrypt key value. Try reconnecting to Pinterest.
2024-06-04T05:42:05+00:00 ERROR Could not decrypt key value. Try reconnecting to Pinterest.
2024-06-04T05:42:05+00:00 ERROR Could not decrypt key value. Try reconnecting to Pinterest.
2024-06-04T05:42:26+00:00 ERROR Could not decrypt key value. Try reconnecting to Pinterest.
2024-06-04T05:42:26+00:00 ERROR Could not decrypt key value. Try reconnecting to Pinterest.
2024-06-04T05:42:27+00:00 ERROR Could not decrypt key value. Try reconnecting to Pinterest.
2024-06-04T05:42:35+00:00 ERROR Could not decrypt key value. Try reconnecting to Pinterest.
2024-06-04T05:42:40+00:00 ERROR Could not decrypt key value. Try reconnecting to Pinterest.
2024-06-04T05:42:49+00:00 ERROR Could not decrypt key value. Try reconnecting to Pinterest.
2024-06-04T05:42:49+00:00 ERROR Could not decrypt key value. Try reconnecting to Pinterest.
2024-06-04T05:42:52+00:00 ERROR Could not decrypt key value. Try reconnecting to Pinterest.
2024-06-04T05:42:52+00:00 ERROR Could not decrypt key value. Try reconnecting to Pinterest.
2024-06-04T05:43:01+00:00 ERROR Could not decrypt key value. Try reconnecting to Pinterest.
2024-06-04T05:43:06+00:00 ERROR Could not decrypt key value. Try reconnecting to Pinterest.
2024-06-04T05:43:12+00:00 ERROR Could not decrypt key value. Try reconnecting to Pinterest.
2024-06-04T05:43:13+00:00 ERROR Could not decrypt key value. Try reconnecting to Pinterest.
2024-06-04T05:43:14+00:00 ERROR Could not decrypt key value. Try reconnecting to Pinterest.
2024-06-04T05:43:55+00:00 ERROR Could not decrypt key value. Try reconnecting to Pinterest.
2024-06-04T05:43:55+00:00 ERROR Could not decrypt key value. Try reconnecting to Pinterest.
2024-06-04T05:44:04+00:00 ERROR Could not decrypt key value. Try reconnecting to Pinterest.
2024-06-04T05:44:08+00:00 ERROR Could not decrypt key value. Try reconnecting to Pinterest.
2024-06-04T05:44:14+00:00 ERROR Could not decrypt key value. Try reconnecting to Pinterest.
2024-06-04T05:44:18+00:00 ERROR Could not decrypt key value. Try reconnecting to Pinterest.
2024-06-04T05:44:25+00:00 ERROR Could not decrypt key value. Try reconnecting to Pinterest.
2024-06-04T05:44:28+00:00 ERROR Could not decrypt key value. Try reconnecting to Pinterest.
2024-06-04T05:44:33+00:00 ERROR Could not decrypt key value. Try reconnecting to Pinterest.
2024-06-04T05:46:00+00:00 ERROR Could not decrypt key value. Try reconnecting to Pinterest.
2024-06-04T05:46:01+00:00 ERROR Could not decrypt key value. Try reconnecting to Pinterest.
2024-06-04T05:46:09+00:00 ERROR Could not decrypt key value. Try reconnecting to Pinterest.
2024-06-04T05:46:12+00:00 ERROR Could not decrypt key value. Try reconnecting to Pinterest.
2024-06-04T05:46:19+00:00 ERROR Could not decrypt key value. Try reconnecting to Pinterest.
2024-06-04T05:46:23+00:00 ERROR Could not decrypt key value. Try reconnecting to Pinterest.
2024-06-04T05:46:28+00:00 ERROR Could not decrypt key value. Try reconnecting to Pinterest.
2024-06-04T05:46:33+00:00 ERROR Could not decrypt key value. Try reconnecting to Pinterest.
2024-06-04T05:46:38+00:00 ERROR Could not decrypt key value. Try reconnecting to Pinterest.
2024-06-04T05:48:01+00:00 ERROR Could not decrypt key value. Try reconnecting to Pinterest.
2024-06-04T05:48:05+00:00 ERROR Could not decrypt key value. Try reconnecting to Pinterest.
2024-06-04T05:48:10+00:00 ERROR Could not decrypt key value. Try reconnecting to Pinterest.
2024-06-04T05:48:16+00:00 ERROR Could not decrypt key value. Try reconnecting to Pinterest.
2024-06-04T05:48:20+00:00 ERROR Could not decrypt key value. Try reconnecting to Pinterest.
2024-06-04T05:48:26+00:00 ERROR Could not decrypt key value. Try reconnecting to Pinterest.
2024-06-04T05:48:30+00:00 ERROR Could not decrypt key value. Try reconnecting to Pinterest.
2024-06-04T06:18:06+00:00 ERROR Could not decrypt key value. Try reconnecting to Pinterest.
2024-06-04T06:18:06+00:00 ERROR Could not decrypt key value. Try reconnecting to Pinterest.
2024-06-04T06:18:42+00:00 ERROR Could not decrypt key value. Try reconnecting to Pinterest.
2024-06-04T06:18:42+00:00 ERROR Could not decrypt key value. Try reconnecting to Pinterest.
