2024-06-27T00:59:35+00:00 ERROR GET Request: https://api.pinterest.com/ads/v4/advertisers/countries
Status Code: 1
API response: cURL error 28: Connection timed out after 10000 milliseconds
2024-06-27T00:59:51+00:00 ERROR GET Request: https://api.pinterest.com/ads/v4/advertisers/549767507380/discounts?active=true
Status Code: 1
API response: cURL error 28: Connection timed out after 10000 milliseconds
2024-06-27T01:00:01+00:00 ERROR GET Request: https://api.pinterest.com/ads/v4/advertisers/549767507380/discounts?active=true
Status Code: 1
API response: cURL error 28: Connection timed out after 10000 milliseconds
2024-06-27T01:15:56+00:00 ERROR GET Request: https://api.pinterest.com/ads/v4/advertisers/countries
Status Code: 1
API response: cURL error 28: Connection timed out after 10000 milliseconds
2024-06-27T01:33:04+00:00 ERROR GET Request: https://api.pinterest.com/ads/v4/advertisers/countries
Status Code: 1
API response: cURL error 28: Connection timed out after 10000 milliseconds
2024-06-27T01:48:44+00:00 ERROR GET Request: https://api.pinterest.com/ads/v4/advertisers/countries
Status Code: 1
API response: cURL error 28: Connection timed out after 10000 milliseconds
2024-06-27T02:00:55+00:00 ERROR GET Request: https://api.pinterest.com/ads/v4/advertisers/549767507380/discounts?active=true
Status Code: 1
API response: cURL error 28: Connection timed out after 10000 milliseconds
2024-06-27T02:01:05+00:00 ERROR GET Request: https://api.pinterest.com/ads/v4/advertisers/549767507380/discounts?active=true
Status Code: 1
API response: cURL error 28: Connection timed out after 10000 milliseconds
2024-06-27T02:04:52+00:00 ERROR GET Request: https://api.pinterest.com/ads/v4/advertisers/countries
Status Code: 1
API response: cURL error 28: Connection timed out after 10000 milliseconds
2024-06-27T02:20:59+00:00 ERROR GET Request: https://api.pinterest.com/ads/v4/advertisers/countries
Status Code: 1
API response: cURL error 28: Connection timed out after 10000 milliseconds
2024-06-27T02:37:01+00:00 ERROR GET Request: https://api.pinterest.com/ads/v4/advertisers/countries
Status Code: 1
API response: cURL error 28: Connection timed out after 10000 milliseconds
2024-06-27T02:37:07+00:00 ERROR GET Request: https://api.pinterest.com/ads/v4/advertisers/countries
Status Code: 1
API response: cURL error 28: Connection timed out after 10000 milliseconds
2024-06-27T02:53:09+00:00 ERROR GET Request: https://api.pinterest.com/ads/v4/advertisers/countries
Status Code: 1
API response: cURL error 28: Connection timed out after 10000 milliseconds
2024-06-27T02:53:13+00:00 ERROR GET Request: https://api.pinterest.com/ads/v4/advertisers/countries
Status Code: 1
API response: cURL error 28: Connection timed out after 10000 milliseconds
2024-06-27T03:02:28+00:00 ERROR GET Request: https://api.pinterest.com/ads/v4/advertisers/549767507380/discounts?active=true
Status Code: 1
API response: cURL error 28: Connection timed out after 10001 milliseconds
2024-06-27T03:02:38+00:00 ERROR GET Request: https://api.pinterest.com/ads/v4/advertisers/549767507380/discounts?active=true
Status Code: 1
API response: cURL error 28: Connection timed out after 10000 milliseconds
2024-06-27T03:09:15+00:00 ERROR GET Request: https://api.pinterest.com/ads/v4/advertisers/countries
Status Code: 1
API response: cURL error 28: Connection timed out after 10000 milliseconds
2024-06-27T03:09:21+00:00 ERROR GET Request: https://api.pinterest.com/ads/v4/advertisers/countries
Status Code: 1
API response: cURL error 28: Connection timed out after 10000 milliseconds
2024-06-27T03:25:05+00:00 ERROR GET Request: https://api.pinterest.com/ads/v4/advertisers/countries
Status Code: 1
API response: cURL error 28: Connection timed out after 10000 milliseconds
2024-06-27T03:25:07+00:00 ERROR GET Request: https://api.pinterest.com/ads/v4/advertisers/countries
Status Code: 1
API response: cURL error 28: Connection timed out after 10000 milliseconds
2024-06-27T03:25:15+00:00 ERROR GET Request: https://api.pinterest.com/ads/v4/advertisers/countries
Status Code: 1
API response: cURL error 28: Connection timed out after 10000 milliseconds
2024-06-27T03:41:53+00:00 ERROR GET Request: https://api.pinterest.com/ads/v4/advertisers/countries
Status Code: 1
API response: cURL error 28: Connection timed out after 10001 milliseconds
2024-06-27T03:42:03+00:00 ERROR GET Request: https://api.pinterest.com/ads/v4/advertisers/countries
Status Code: 1
API response: cURL error 28: Connection timed out after 10001 milliseconds
2024-06-27T03:57:48+00:00 ERROR GET Request: https://api.pinterest.com/ads/v4/advertisers/countries
Status Code: 1
API response: cURL error 28: Connection timed out after 10000 milliseconds
2024-06-27T04:03:46+00:00 ERROR GET Request: https://api.pinterest.com/ads/v4/advertisers/549767507380/discounts?active=true
Status Code: 1
API response: cURL error 28: Connection timed out after 10000 milliseconds
2024-06-27T04:03:56+00:00 ERROR GET Request: https://api.pinterest.com/ads/v4/advertisers/549767507380/discounts?active=true
Status Code: 1
API response: cURL error 28: Connection timed out after 10001 milliseconds
2024-06-27T04:13:08+00:00 ERROR GET Request: https://api.pinterest.com/ads/v4/advertisers/countries
Status Code: 1
API response: cURL error 28: Connection timed out after 10001 milliseconds
2024-06-27T04:28:23+00:00 ERROR GET Request: https://api.pinterest.com/ads/v4/advertisers/countries
Status Code: 1
API response: cURL error 28: Connection timed out after 10000 milliseconds
2024-06-27T04:43:43+00:00 ERROR GET Request: https://api.pinterest.com/ads/v4/advertisers/countries
Status Code: 1
API response: cURL error 28: Connection timed out after 10000 milliseconds
2024-06-27T04:59:03+00:00 ERROR GET Request: https://api.pinterest.com/ads/v4/advertisers/countries
Status Code: 1
API response: cURL error 28: Connection timed out after 10000 milliseconds
2024-06-27T05:04:11+00:00 ERROR GET Request: https://api.pinterest.com/ads/v4/advertisers/549767507380/discounts?active=true
Status Code: 1
API response: cURL error 28: Connection timed out after 10000 milliseconds
2024-06-27T05:04:21+00:00 ERROR GET Request: https://api.pinterest.com/ads/v4/advertisers/549767507380/discounts?active=true
Status Code: 1
API response: cURL error 28: Connection timed out after 10000 milliseconds
2024-06-27T05:14:22+00:00 ERROR GET Request: https://api.pinterest.com/ads/v4/advertisers/countries
Status Code: 1
API response: cURL error 28: Connection timed out after 10001 milliseconds
2024-06-27T05:29:38+00:00 ERROR GET Request: https://api.pinterest.com/ads/v4/advertisers/countries
Status Code: 1
API response: cURL error 28: Connection timed out after 10001 milliseconds
2024-06-27T05:32:00+00:00 ERROR GET Request: https://api.pinterest.com/ads/v4/advertisers/549767507380/partners/billing_profiles
Status Code: 1
API response: cURL error 28: Connection timed out after 10002 milliseconds
2024-06-27T05:32:00+00:00 ERROR cURL error 28: Connection timed out after 10002 milliseconds
2024-06-27T05:44:57+00:00 ERROR GET Request: https://api.pinterest.com/ads/v4/advertisers/countries
Status Code: 1
API response: cURL error 28: Connection timed out after 10000 milliseconds
2024-06-27T06:00:18+00:00 ERROR GET Request: https://api.pinterest.com/ads/v4/advertisers/countries
Status Code: 1
API response: cURL error 28: Connection timed out after 10000 milliseconds
2024-06-27T06:05:26+00:00 ERROR GET Request: https://api.pinterest.com/ads/v4/advertisers/549767507380/discounts?active=true
Status Code: 1
API response: cURL error 28: Connection timed out after 10000 milliseconds
2024-06-27T06:05:36+00:00 ERROR GET Request: https://api.pinterest.com/ads/v4/advertisers/549767507380/discounts?active=true
Status Code: 1
API response: cURL error 28: Connection timed out after 10001 milliseconds
2024-06-27T06:15:38+00:00 ERROR GET Request: https://api.pinterest.com/ads/v4/advertisers/countries
Status Code: 1
API response: cURL error 28: Connection timed out after 10000 milliseconds
2024-06-27T06:30:52+00:00 ERROR GET Request: https://api.pinterest.com/ads/v4/advertisers/countries
Status Code: 1
API response: cURL error 28: Connection timed out after 10000 milliseconds
2024-06-27T06:46:13+00:00 ERROR GET Request: https://api.pinterest.com/ads/v4/advertisers/countries
Status Code: 1
API response: cURL error 28: Connection timed out after 10000 milliseconds
2024-06-27T07:01:32+00:00 ERROR GET Request: https://api.pinterest.com/ads/v4/advertisers/countries
Status Code: 1
API response: cURL error 28: Connection timed out after 10001 milliseconds
2024-06-27T07:06:40+00:00 ERROR GET Request: https://api.pinterest.com/ads/v4/advertisers/549767507380/discounts?active=true
Status Code: 1
API response: cURL error 28: Connection timed out after 10001 milliseconds
2024-06-27T07:06:50+00:00 ERROR GET Request: https://api.pinterest.com/ads/v4/advertisers/549767507380/discounts?active=true
Status Code: 1
API response: cURL error 28: Connection timed out after 10001 milliseconds
2024-06-27T07:16:53+00:00 ERROR GET Request: https://api.pinterest.com/ads/v4/advertisers/countries
Status Code: 1
API response: cURL error 28: Connection timed out after 10001 milliseconds
2024-06-27T07:32:08+00:00 ERROR GET Request: https://api.pinterest.com/ads/v4/advertisers/countries
Status Code: 1
API response: cURL error 28: Connection timed out after 10000 milliseconds
2024-06-27T07:47:27+00:00 ERROR GET Request: https://api.pinterest.com/ads/v4/advertisers/countries
Status Code: 1
API response: cURL error 28: Connection timed out after 10000 milliseconds
2024-06-27T08:02:48+00:00 ERROR GET Request: https://api.pinterest.com/ads/v4/advertisers/countries
Status Code: 1
API response: cURL error 28: Connection timed out after 10001 milliseconds
2024-06-27T08:09:02+00:00 ERROR GET Request: https://api.pinterest.com/ads/v4/advertisers/549767507380/discounts?active=true
Status Code: 1
API response: cURL error 28: Connection timed out after 10000 milliseconds
2024-06-27T08:09:12+00:00 ERROR GET Request: https://api.pinterest.com/ads/v4/advertisers/549767507380/discounts?active=true
Status Code: 1
API response: cURL error 28: Connection timed out after 10000 milliseconds
2024-06-27T08:18:08+00:00 ERROR GET Request: https://api.pinterest.com/ads/v4/advertisers/countries
Status Code: 1
API response: cURL error 28: Connection timed out after 10001 milliseconds
2024-06-27T08:33:23+00:00 ERROR GET Request: https://api.pinterest.com/ads/v4/advertisers/countries
Status Code: 1
API response: cURL error 28: Connection timed out after 10001 milliseconds
2024-06-27T08:33:31+00:00 ERROR GET Request: https://api.pinterest.com/ads/v4/advertisers/countries
Status Code: 1
API response: cURL error 28: Connection timed out after 10000 milliseconds
2024-06-27T08:33:33+00:00 ERROR GET Request: https://api.pinterest.com/ads/v4/advertisers/countries
Status Code: 1
API response: cURL error 28: Connection timed out after 10000 milliseconds
2024-06-27T08:49:22+00:00 ERROR GET Request: https://api.pinterest.com/ads/v4/advertisers/countries
Status Code: 1
API response: cURL error 28: Connection timed out after 10001 milliseconds
2024-06-27T09:04:38+00:00 ERROR GET Request: https://api.pinterest.com/ads/v4/advertisers/countries
Status Code: 1
API response: cURL error 28: Connection timed out after 10000 milliseconds
2024-06-27T09:04:41+00:00 ERROR GET Request: https://api.pinterest.com/ads/v4/advertisers/countries
Status Code: 1
API response: cURL error 28: Connection timed out after 10000 milliseconds
2024-06-27T09:04:46+00:00 ERROR GET Request: https://api.pinterest.com/ads/v4/advertisers/countries
Status Code: 1
API response: cURL error 28: Connection timed out after 10001 milliseconds
2024-06-27T09:09:38+00:00 ERROR GET Request: https://api.pinterest.com/ads/v4/advertisers/549767507380/discounts?active=true
Status Code: 1
API response: cURL error 28: Connection timed out after 10000 milliseconds
2024-06-27T09:09:48+00:00 ERROR GET Request: https://api.pinterest.com/ads/v4/advertisers/549767507380/discounts?active=true
Status Code: 1
API response: cURL error 28: Connection timed out after 10000 milliseconds
2024-06-27T09:21:37+00:00 ERROR GET Request: https://api.pinterest.com/ads/v4/advertisers/countries
Status Code: 1
API response: cURL error 28: Connection timed out after 10000 milliseconds
2024-06-27T09:36:55+00:00 ERROR GET Request: https://api.pinterest.com/ads/v4/advertisers/countries
Status Code: 1
API response: cURL error 28: Connection timed out after 10000 milliseconds
2024-06-27T09:53:59+00:00 ERROR GET Request: https://api.pinterest.com/ads/v4/advertisers/countries
Status Code: 1
API response: cURL error 28: Connection timed out after 10000 milliseconds
2024-06-27T10:10:06+00:00 ERROR GET Request: https://api.pinterest.com/ads/v4/advertisers/countries
Status Code: 1
API response: cURL error 28: Connection timed out after 10000 milliseconds
2024-06-27T10:10:22+00:00 ERROR GET Request: https://api.pinterest.com/ads/v4/advertisers/549767507380/discounts?active=true
Status Code: 1
API response: cURL error 28: Connection timed out after 10001 milliseconds
2024-06-27T10:10:32+00:00 ERROR GET Request: https://api.pinterest.com/ads/v4/advertisers/549767507380/discounts?active=true
Status Code: 1
API response: cURL error 28: Connection timed out after 10001 milliseconds
2024-06-27T10:26:30+00:00 ERROR GET Request: https://api.pinterest.com/ads/v4/advertisers/countries
Status Code: 1
API response: cURL error 28: Connection timed out after 10000 milliseconds
2024-06-27T10:42:13+00:00 ERROR GET Request: https://api.pinterest.com/ads/v4/advertisers/countries
Status Code: 1
API response: cURL error 28: Connection timed out after 10000 milliseconds
2024-06-27T10:42:25+00:00 ERROR GET Request: https://api.pinterest.com/ads/v4/advertisers/countries
Status Code: 1
API response: cURL error 28: Connection timed out after 10000 milliseconds
2024-06-27T10:58:14+00:00 ERROR GET Request: https://api.pinterest.com/ads/v4/advertisers/countries
Status Code: 1
API response: cURL error 28: Connection timed out after 10000 milliseconds
2024-06-27T11:12:18+00:00 ERROR GET Request: https://api.pinterest.com/ads/v4/advertisers/549767507380/discounts?active=true
Status Code: 1
API response: cURL error 28: Connection timed out after 10000 milliseconds
2024-06-27T11:12:28+00:00 ERROR GET Request: https://api.pinterest.com/ads/v4/advertisers/549767507380/discounts?active=true
Status Code: 1
API response: cURL error 28: Connection timed out after 10001 milliseconds
2024-06-27T11:13:41+00:00 ERROR GET Request: https://api.pinterest.com/ads/v4/advertisers/countries
Status Code: 1
API response: cURL error 28: Connection timed out after 10001 milliseconds
