2024-07-03T01:11:53+00:00 ERROR GET Request: https://api.pinterest.com/ads/v4/advertisers/549767507380/discounts?active=true
Status Code: 1
API response: cURL error 28: Connection timed out after 10012 milliseconds
2024-07-03T01:12:03+00:00 ERROR GET Request: https://api.pinterest.com/ads/v4/advertisers/549767507380/discounts?active=true
Status Code: 1
API response: cURL error 28: Connection timed out after 10014 milliseconds
2024-07-03T01:52:18+00:00 ERROR GET Request: https://api.pinterest.com/ads/v4/advertisers/countries
Status Code: 1
API response: cURL error 28: Connection timed out after 10007 milliseconds
2024-07-03T02:04:03+00:00 ERROR GET Request: https://api.pinterest.com/ads/v4/advertisers/549767507380/partners/billing_profiles
Status Code: 1
API response: cURL error 28: Connection timed out after 10005 milliseconds
2024-07-03T02:04:03+00:00 ERROR cURL error 28: Connection timed out after 10005 milliseconds
2024-07-03T02:08:03+00:00 ERROR GET Request: https://api.pinterest.com/ads/v4/advertisers/countries
Status Code: 1
API response: cURL error 28: Connection timed out after 10002 milliseconds
2024-07-03T02:15:01+00:00 ERROR GET Request: https://api.pinterest.com/ads/v4/advertisers/549767507380/discounts?active=true
Status Code: 1
API response: cURL error 28: Connection timed out after 10001 milliseconds
2024-07-03T02:15:11+00:00 ERROR GET Request: https://api.pinterest.com/ads/v4/advertisers/549767507380/discounts?active=true
Status Code: 1
API response: cURL error 28: Connection timed out after 10013 milliseconds
2024-07-03T02:24:08+00:00 ERROR GET Request: https://api.pinterest.com/ads/v4/advertisers/countries
Status Code: 1
API response: cURL error 28: Connection timed out after 10009 milliseconds
2024-07-03T02:39:21+00:00 ERROR GET Request: https://api.pinterest.com/ads/v4/advertisers/countries
Status Code: 1
API response: cURL error 28: Connection timed out after 10001 milliseconds
2024-07-03T02:54:32+00:00 ERROR GET Request: https://api.pinterest.com/ads/v4/advertisers/countries
Status Code: 1
API response: cURL error 28: Connection timed out after 10000 milliseconds
2024-07-03T03:09:45+00:00 ERROR GET Request: https://api.pinterest.com/ads/v4/advertisers/countries
Status Code: 1
API response: cURL error 28: Connection timed out after 10001 milliseconds
2024-07-03T03:22:16+00:00 ERROR GET Request: https://api.pinterest.com/ads/v4/advertisers/549767507380/discounts?active=true
Status Code: 1
API response: cURL error 28: Connection timed out after 10008 milliseconds
2024-07-03T03:22:26+00:00 ERROR GET Request: https://api.pinterest.com/ads/v4/advertisers/549767507380/discounts?active=true
Status Code: 1
API response: cURL error 28: Connection timed out after 10007 milliseconds
2024-07-03T03:24:57+00:00 ERROR GET Request: https://api.pinterest.com/ads/v4/advertisers/countries
Status Code: 1
API response: cURL error 28: Connection timed out after 10007 milliseconds
2024-07-03T03:40:18+00:00 ERROR GET Request: https://api.pinterest.com/ads/v4/advertisers/countries
Status Code: 1
API response: cURL error 28: Connection timed out after 10014 milliseconds
2024-07-03T03:55:51+00:00 ERROR GET Request: https://api.pinterest.com/ads/v4/advertisers/countries
Status Code: 1
API response: cURL error 28: Connection timed out after 10009 milliseconds
2024-07-03T03:55:52+00:00 ERROR GET Request: https://api.pinterest.com/ads/v4/advertisers/countries
Status Code: 1
API response: cURL error 28: Connection timed out after 10015 milliseconds
2024-07-03T03:55:55+00:00 ERROR GET Request: https://api.pinterest.com/ads/v4/advertisers/countries
Status Code: 1
API response: cURL error 28: Connection timed out after 10014 milliseconds
2024-07-03T03:55:55+00:00 ERROR GET Request: https://api.pinterest.com/ads/v4/advertisers/countries
Status Code: 1
API response: cURL error 28: Connection timed out after 10012 milliseconds
2024-07-03T05:05:45+00:00 ERROR GET Request: https://api.pinterest.com/ads/v4/advertisers/countries
Status Code: 1
API response: cURL error 28: Connection timed out after 10005 milliseconds
2024-07-03T05:05:46+00:00 ERROR GET Request: https://api.pinterest.com/ads/v4/advertisers/countries
Status Code: 1
API response: cURL error 28: Connection timed out after 10011 milliseconds
2024-07-03T05:05:49+00:00 ERROR GET Request: https://api.pinterest.com/ads/v4/advertisers/countries
Status Code: 1
API response: cURL error 28: Connection timed out after 10010 milliseconds
2024-07-03T05:06:01+00:00 ERROR GET Request: https://api.pinterest.com/ads/v4/advertisers/549767507380/discounts?active=true
Status Code: 1
API response: cURL error 28: Connection timed out after 10009 milliseconds
2024-07-03T05:06:11+00:00 ERROR GET Request: https://api.pinterest.com/ads/v4/advertisers/549767507380/discounts?active=true
Status Code: 1
API response: cURL error 28: Connection timed out after 10001 milliseconds
2024-07-03T05:21:03+00:00 ERROR GET Request: https://api.pinterest.com/ads/v4/advertisers/countries
Status Code: 1
API response: cURL error 28: Connection timed out after 10010 milliseconds
2024-07-03T05:36:23+00:00 ERROR GET Request: https://api.pinterest.com/ads/v4/advertisers/countries
Status Code: 1
API response: cURL error 28: Connection timed out after 10008 milliseconds
2024-07-03T05:52:00+00:00 ERROR GET Request: https://api.pinterest.com/ads/v4/advertisers/countries
Status Code: 1
API response: cURL error 28: Connection timed out after 10008 milliseconds
2024-07-03T06:07:05+00:00 ERROR GET Request: https://api.pinterest.com/ads/v4/advertisers/549767507380/discounts?active=true
Status Code: 1
API response: cURL error 28: Connection timed out after 10013 milliseconds
2024-07-03T06:07:15+00:00 ERROR GET Request: https://api.pinterest.com/ads/v4/advertisers/549767507380/discounts?active=true
Status Code: 1
API response: cURL error 28: Connection timed out after 10011 milliseconds
2024-07-03T06:07:22+00:00 ERROR GET Request: https://api.pinterest.com/ads/v4/advertisers/countries
Status Code: 1
API response: cURL error 28: Connection timed out after 10008 milliseconds
2024-07-03T06:07:33+00:00 ERROR GET Request: https://api.pinterest.com/ads/v4/advertisers/countries
Status Code: 1
API response: cURL error 28: Connection timed out after 10005 milliseconds
2024-07-03T06:23:28+00:00 ERROR GET Request: https://api.pinterest.com/ads/v4/advertisers/countries
Status Code: 1
API response: cURL error 28: Connection timed out after 10011 milliseconds
2024-07-03T06:23:33+00:00 ERROR GET Request: https://api.pinterest.com/ads/v4/advertisers/countries
Status Code: 1
API response: cURL error 28: Connection timed out after 10014 milliseconds
2024-07-03T06:38:51+00:00 ERROR GET Request: https://api.pinterest.com/ads/v4/advertisers/countries
Status Code: 1
API response: cURL error 28: Connection timed out after 10008 milliseconds
2024-07-03T06:54:44+00:00 ERROR GET Request: https://api.pinterest.com/ads/v4/advertisers/countries
Status Code: 1
API response: cURL error 28: Connection timed out after 10006 milliseconds
2024-07-03T07:08:00+00:00 ERROR GET Request: https://api.pinterest.com/ads/v4/advertisers/549767507380/discounts?active=true
Status Code: 1
API response: cURL error 28: Connection timed out after 10005 milliseconds
2024-07-03T07:08:10+00:00 ERROR GET Request: https://api.pinterest.com/ads/v4/advertisers/549767507380/discounts?active=true
Status Code: 1
API response: cURL error 28: Connection timed out after 10012 milliseconds
2024-07-03T07:09:56+00:00 ERROR GET Request: https://api.pinterest.com/ads/v4/advertisers/countries
Status Code: 1
API response: cURL error 28: Connection timed out after 10004 milliseconds
2024-07-03T07:26:37+00:00 ERROR GET Request: https://api.pinterest.com/ads/v4/advertisers/countries
Status Code: 1
API response: cURL error 28: Connection timed out after 10005 milliseconds
2024-07-03T07:46:50+00:00 ERROR GET Request: https://api.pinterest.com/ads/v4/advertisers/countries
Status Code: 1
API response: cURL error 28: Connection timed out after 10000 milliseconds
2024-07-03T07:46:51+00:00 ERROR GET Request: https://api.pinterest.com/ads/v4/advertisers/countries
Status Code: 1
API response: cURL error 28: Connection timed out after 10012 milliseconds
2024-07-03T07:46:54+00:00 ERROR GET Request: https://api.pinterest.com/ads/v4/advertisers/countries
Status Code: 1
API response: cURL error 28: Connection timed out after 10014 milliseconds
2024-07-03T08:03:47+00:00 ERROR GET Request: https://api.pinterest.com/ads/v4/advertisers/countries
Status Code: 1
API response: cURL error 28: Connection timed out after 10009 milliseconds
2024-07-03T08:03:47+00:00 ERROR GET Request: https://api.pinterest.com/ads/v4/advertisers/countries
Status Code: 1
API response: cURL error 28: Connection timed out after 10000 milliseconds
2024-07-03T08:09:08+00:00 ERROR GET Request: https://api.pinterest.com/ads/v4/advertisers/549767507380/discounts?active=true
Status Code: 1
API response: cURL error 28: Connection timed out after 10002 milliseconds
2024-07-03T08:09:18+00:00 ERROR GET Request: https://api.pinterest.com/ads/v4/advertisers/549767507380/discounts?active=true
Status Code: 1
API response: cURL error 28: Connection timed out after 10015 milliseconds
2024-07-03T08:19:09+00:00 ERROR GET Request: https://api.pinterest.com/ads/v4/advertisers/countries
Status Code: 1
API response: cURL error 28: Connection timed out after 10007 milliseconds
2024-07-03T08:35:17+00:00 ERROR GET Request: https://api.pinterest.com/ads/v4/advertisers/countries
Status Code: 1
API response: cURL error 28: Connection timed out after 10013 milliseconds
2024-07-03T09:29:20+00:00 ERROR GET Request: https://api.pinterest.com/ads/v4/advertisers/countries
Status Code: 1
API response: cURL error 28: Connection timed out after 10009 milliseconds
2024-07-03T09:29:35+00:00 ERROR GET Request: https://api.pinterest.com/ads/v4/advertisers/549767507380/discounts?active=true
Status Code: 1
API response: cURL error 28: Connection timed out after 10014 milliseconds
2024-07-03T09:29:45+00:00 ERROR GET Request: https://api.pinterest.com/ads/v4/advertisers/549767507380/discounts?active=true
Status Code: 1
API response: cURL error 28: Connection timed out after 10010 milliseconds
2024-07-03T10:36:22+00:00 ERROR GET Request: https://api.pinterest.com/ads/v4/advertisers/countries
Status Code: 1
API response: cURL error 28: Connection timed out after 10015 milliseconds
2024-07-03T10:36:39+00:00 ERROR GET Request: https://api.pinterest.com/ads/v4/advertisers/549767507380/discounts?active=true
Status Code: 1
API response: cURL error 28: Connection timed out after 10005 milliseconds
2024-07-03T10:36:49+00:00 ERROR GET Request: https://api.pinterest.com/ads/v4/advertisers/549767507380/discounts?active=true
Status Code: 1
API response: cURL error 28: Connection timed out after 10008 milliseconds
